# JRE version: OpenJDK Runtime Environment (8.0_152-b02) (build 1.8.0_152-release-1024-b02)
# Java VM: OpenJDK 64-Bit Server VM (25.152-b02 mixed mode windows-amd64 compressed oops)
Heap:
 PSYoungGen      total 433152K, used 152627K [0x00000000e0000000, 0x00000000ffb80000, 0x0000000100000000)
  eden space 346624K, 40% used [0x00000000e0000000,0x00000000e89f0360,0x00000000f5280000)
  from space 86528K, 13% used [0x00000000fa700000,0x00000000fb21cb20,0x00000000ffb80000)
  to   space 86528K, 0% used [0x00000000f5280000,0x00000000f5280000,0x00000000fa700000)
 ParOldGen       total 466432K, used 272878K [0x00000000a0000000, 0x00000000bc780000, 0x00000000e0000000)
  object space 466432K, 58% used [0x00000000a0000000,0x00000000b0a7ba58,0x00000000bc780000)
 Metaspace       used 87840K, capacity 92798K, committed 92928K, reserved 1130496K
  class space    used 10841K, capacity 11911K, committed 12032K, reserved 1048576K
GC Heap History (10 events):
Event: 16710.981 GC heap before
{Heap before GC invocations=103 (full 9):
 PSYoungGen      total 412672K, used 310891K [0x00000000e0000000, 0x00000000fff00000, 0x0000000100000000)
  eden space 311296K, 99% used [0x00000000e0000000,0x00000000f2f7ac28,0x00000000f3000000)
  from space 101376K, 0% used [0x00000000f3000000,0x00000000f3020000,0x00000000f9300000)
  to   space 98304K, 0% used [0x00000000f9f00000,0x00000000f9f00000,0x00000000fff00000)
 ParOldGen       total 466432K, used 264534K [0x00000000a0000000, 0x00000000bc780000, 0x00000000e0000000)
  object space 466432K, 56% used [0x00000000a0000000,0x00000000b0255a50,0x00000000bc780000)
 Metaspace       used 86364K, capacity 90546K, committed 90752K, reserved 1128448K
  class space    used 10645K, capacity 11563K, committed 11648K, reserved 1048576K
Event: 16710.985 GC heap after
Heap after GC invocations=103 (full 9):
 PSYoungGen      total 414720K, used 96K [0x00000000e0000000, 0x00000000ff700000, 0x0000000100000000)
  eden space 324608K, 0% used [0x00000000e0000000,0x00000000e0000000,0x00000000f3d00000)
  from space 90112K, 0% used [0x00000000f9f00000,0x00000000f9f18000,0x00000000ff700000)
  to   space 95232K, 0% used [0x00000000f3d00000,0x00000000f3d00000,0x00000000f9a00000)
 ParOldGen       total 466432K, used 264566K [0x00000000a0000000, 0x00000000bc780000, 0x00000000e0000000)
  object space 466432K, 56% used [0x00000000a0000000,0x00000000b025da50,0x00000000bc780000)
 Metaspace       used 86364K, capacity 90546K, committed 90752K, reserved 1128448K
  class space    used 10645K, capacity 11563K, committed 11648K, reserved 1048576K
}
Event: 16711.029 GC heap before
{Heap before GC invocations=104 (full 9):
 PSYoungGen      total 414720K, used 324704K [0x00000000e0000000, 0x00000000ff700000, 0x0000000100000000)
  eden space 324608K, 100% used [0x00000000e0000000,0x00000000f3d00000,0x00000000f3d00000)
  from space 90112K, 0% used [0x00000000f9f00000,0x00000000f9f18000,0x00000000ff700000)
  to   space 95232K, 0% used [0x00000000f3d00000,0x00000000f3d00000,0x00000000f9a00000)
 ParOldGen       total 466432K, used 264566K [0x00000000a0000000, 0x00000000bc780000, 0x00000000e0000000)
  object space 466432K, 56% used [0x00000000a0000000,0x00000000b025da50,0x00000000bc780000)
 Metaspace       used 86364K, capacity 90546K, committed 90752K, reserved 1128448K
  class space    used 10645K, capacity 11563K, committed 11648K, reserved 1048576K
Event: 16711.032 GC heap after
Heap after GC invocations=104 (full 9):
 PSYoungGen      total 419840K, used 128K [0x00000000e0000000, 0x00000000fff00000, 0x0000000100000000)
  eden space 324608K, 0% used [0x00000000e0000000,0x00000000e0000000,0x00000000f3d00000)
  from space 95232K, 0% used [0x00000000f3d00000,0x00000000f3d20000,0x00000000f9a00000)
  to   space 92160K, 0% used [0x00000000fa500000,0x00000000fa500000,0x00000000fff00000)
 ParOldGen       total 466432K, used 264606K [0x00000000a0000000, 0x00000000bc780000, 0x00000000e0000000)
  object space 466432K, 56% used [0x00000000a0000000,0x00000000b0267a50,0x00000000bc780000)
 Metaspace       used 86364K, capacity 90546K, committed 90752K, reserved 1128448K
  class space    used 10645K, capacity 11563K, committed 11648K, reserved 1048576K
}
Event: 16889.371 GC heap before
{Heap before GC invocations=105 (full 9):
 PSYoungGen      total 419840K, used 324736K [0x00000000e0000000, 0x00000000fff00000, 0x0000000100000000)
  eden space 324608K, 100% used [0x00000000e0000000,0x00000000f3d00000,0x00000000f3d00000)
  from space 95232K, 0% used [0x00000000f3d00000,0x00000000f3d20000,0x00000000f9a00000)
  to   space 92160K, 0% used [0x00000000fa500000,0x00000000fa500000,0x00000000fff00000)
 ParOldGen       total 466432K, used 264606K [0x00000000a0000000, 0x00000000bc780000, 0x00000000e0000000)
  object space 466432K, 56% used [0x00000000a0000000,0x00000000b0267a50,0x00000000bc780000)
 Metaspace       used 86983K, capacity 91736K, committed 91904K, reserved 1130496K
  class space    used 10752K, capacity 11760K, committed 11776K, reserved 1048576K
Event: 16889.385 GC heap after
Heap after GC invocations=105 (full 9):
 PSYoungGen      total 415744K, used 10837K [0x00000000e0000000, 0x00000000ff200000, 0x0000000100000000)
  eden space 336896K, 0% used [0x00000000e0000000,0x00000000e0000000,0x00000000f4900000)
  from space 78848K, 13% used [0x00000000fa500000,0x00000000faf95408,0x00000000ff200000)
  to   space 86528K, 0% used [0x00000000f4900000,0x00000000f4900000,0x00000000f9d80000)
 ParOldGen       total 466432K, used 264654K [0x00000000a0000000, 0x00000000bc780000, 0x00000000e0000000)
  object space 466432K, 56% used [0x00000000a0000000,0x00000000b0273a50,0x00000000bc780000)
 Metaspace       used 86983K, capacity 91736K, committed 91904K, reserved 1130496K
  class space    used 10752K, capacity 11760K, committed 11776K, reserved 1048576K
}
Event: 16895.379 GC heap before
{Heap before GC invocations=106 (full 9):
 PSYoungGen      total 415744K, used 347733K [0x00000000e0000000, 0x00000000ff200000, 0x0000000100000000)
  eden space 336896K, 100% used [0x00000000e0000000,0x00000000f4900000,0x00000000f4900000)
  from space 78848K, 13% used [0x00000000fa500000,0x00000000faf95408,0x00000000ff200000)
  to   space 86528K, 0% used [0x00000000f4900000,0x00000000f4900000,0x00000000f9d80000)
 ParOldGen       total 466432K, used 264654K [0x00000000a0000000, 0x00000000bc780000, 0x00000000e0000000)
  object space 466432K, 56% used [0x00000000a0000000,0x00000000b0273a50,0x00000000bc780000)
 Metaspace       used 87823K, capacity 92798K, committed 92928K, reserved 1130496K
  class space    used 10841K, capacity 11911K, committed 12032K, reserved 1048576K
Event: 16895.426 GC heap after
Heap after GC invocations=106 (full 9):
 PSYoungGen      total 423424K, used 50764K [0x00000000e0000000, 0x0000000100000000, 0x0000000100000000)
  eden space 336896K, 0% used [0x00000000e0000000,0x00000000e0000000,0x00000000f4900000)
  from space 86528K, 58% used [0x00000000f4900000,0x00000000f7a933a8,0x00000000f9d80000)
  to   space 91136K, 0% used [0x00000000fa700000,0x00000000fa700000,0x0000000100000000)
 ParOldGen       total 466432K, used 270686K [0x00000000a0000000, 0x00000000bc780000, 0x00000000e0000000)
  object space 466432K, 58% used [0x00000000a0000000,0x00000000b0857a28,0x00000000bc780000)
 Metaspace       used 87823K, capacity 92798K, committed 92928K, reserved 1130496K
  class space    used 10841K, capacity 11911K, committed 12032K, reserved 1048576K
}
Event: 16910.899 GC heap before
{Heap before GC invocations=107 (full 9):
 PSYoungGen      total 423424K, used 387660K [0x00000000e0000000, 0x0000000100000000, 0x0000000100000000)
  eden space 336896K, 100% used [0x00000000e0000000,0x00000000f4900000,0x00000000f4900000)
  from space 86528K, 58% used [0x00000000f4900000,0x00000000f7a933a8,0x00000000f9d80000)
  to   space 91136K, 0% used [0x00000000fa700000,0x00000000fa700000,0x0000000100000000)
 ParOldGen       total 466432K, used 270686K [0x00000000a0000000, 0x00000000bc780000, 0x00000000e0000000)
  object space 466432K, 58% used [0x00000000a0000000,0x00000000b0857a28,0x00000000bc780000)
 Metaspace       used 87840K, capacity 92798K, committed 92928K, reserved 1130496K
  class space    used 10841K, capacity 11911K, committed 12032K, reserved 1048576K
Event: 16910.913 GC heap after
Heap after GC invocations=107 (full 9):
 PSYoungGen      total 433152K, used 11378K [0x00000000e0000000, 0x00000000ffb80000, 0x0000000100000000)
  eden space 346624K, 0% used [0x00000000e0000000,0x00000000e0000000,0x00000000f5280000)
  from space 86528K, 13% used [0x00000000fa700000,0x00000000fb21cb20,0x00000000ffb80000)
  to   space 86528K, 0% used [0x00000000f5280000,0x00000000f5280000,0x00000000fa700000)
 ParOldGen       total 466432K, used 272878K [0x00000000a0000000, 0x00000000bc780000, 0x00000000e0000000)
  object space 466432K, 58% used [0x00000000a0000000,0x00000000b0a7ba58,0x00000000bc780000)
 Metaspace       used 87840K, capacity 92798K, committed 92928K, reserved 1130496K
  class space    used 10841K, capacity 11911K, committed 12032K, reserved 1048576K
}

